<?xml version="1.0" encoding="UTF-8" ?>
<testsuite tests="3" failures="0" name="com.mycompany.escritorio.MainTest" time="0.004" errors="0" skipped="0">
  <properties>
[...]
</properties>
  <testcase classname="com.mycompany.escritorio.MainTest" name="com.mycompany.escritorio.MainTest.testMainP1" time="0.004"/>
  <testcase classname="com.mycompany.escritorio.MainTest" name="com.mycompany.escritorio.MainTest.testMainP2" time="0"/>
  <testcase classname="com.mycompany.escritorio.MainTest" name="com.mycompany.escritorio.MainTest.testMainP3" time="0"/>
</testsuite>